ERROR - 2025-12-22 19:42:30 --> Error connecting to the database: mysqli_sql_exception: No connection could be made because the target machine actively refused it in E:\Kuliah\Semester 3\Web 2\uas_1\baru\system\Database\MySQLi\Connection.php:201
Stack trace:
#0 E:\Kuliah\Semester 3\Web 2\uas_1\baru\system\Database\MySQLi\Connection.php(201): mysqli->real_connect('localhost', 'root', Object(SensitiveParameterValue), 'medicom', 3306, '', 0)
#1 E:\Kuliah\Semester 3\Web 2\uas_1\baru\system\Database\BaseConnection.php(419): CodeIgniter\Database\MySQLi\Connection->connect(false)
#2 E:\Kuliah\Semester 3\Web 2\uas_1\baru\system\Database\BaseConnection.php(614): CodeIgniter\Database\BaseConnection->initialize()
#3 E:\Kuliah\Semester 3\Web 2\uas_1\baru\system\Database\BaseBuilder.php(1649): CodeIgniter\Database\BaseConnection->query('SELECT *\nFROM `...', Array, false)
#4 E:\Kuliah\Semester 3\Web 2\uas_1\baru\system\Model.php(330): CodeIgniter\Database\BaseBuilder->get()
#5 E:\Kuliah\Semester 3\Web 2\uas_1\baru\system\BaseModel.php(715): CodeIgniter\Model->doFirst()
#6 E:\Kuliah\Semester 3\Web 2\uas_1\baru\app\Controllers\MainUsers.php(31): CodeIgniter\BaseModel->first()
#7 E:\Kuliah\Semester 3\Web 2\uas_1\baru\system\CodeIgniter.php(933): App\Controllers\MainUsers->index()
#8 E:\Kuliah\Semester 3\Web 2\uas_1\baru\system\CodeIgniter.php(507): CodeIgniter\CodeIgniter->runController(Object(App\Controllers\MainUsers))
#9 E:\Kuliah\Semester 3\Web 2\uas_1\baru\system\CodeIgniter.php(354): CodeIgniter\CodeIgniter->handleRequest(NULL, Object(Config\Cache), false)
#10 E:\Kuliah\Semester 3\Web 2\uas_1\baru\system\Boot.php(363): CodeIgniter\CodeIgniter->run()
#11 E:\Kuliah\Semester 3\Web 2\uas_1\baru\system\Boot.php(68): CodeIgniter\Boot::runCodeIgniter(Object(CodeIgniter\CodeIgniter))
#12 E:\Kuliah\Semester 3\Web 2\uas_1\baru\public\index.php(59): CodeIgniter\Boot::bootWeb(Object(Config\Paths))
#13 E:\Kuliah\Semester 3\Web 2\uas_1\baru\system\rewrite.php(44): require_once('E:\\Kuliah\\Semes...')
#14 {main}

Next CodeIgniter\Database\Exceptions\DatabaseException: No connection could be made because the target machine actively refused it in E:\Kuliah\Semester 3\Web 2\uas_1\baru\system\Database\MySQLi\Connection.php:246
Stack trace:
#0 E:\Kuliah\Semester 3\Web 2\uas_1\baru\system\Database\BaseConnection.php(419): CodeIgniter\Database\MySQLi\Connection->connect(false)
#1 E:\Kuliah\Semester 3\Web 2\uas_1\baru\system\Database\BaseConnection.php(614): CodeIgniter\Database\BaseConnection->initialize()
#2 E:\Kuliah\Semester 3\Web 2\uas_1\baru\system\Database\BaseBuilder.php(1649): CodeIgniter\Database\BaseConnection->query('SELECT *\nFROM `...', Array, false)
#3 E:\Kuliah\Semester 3\Web 2\uas_1\baru\system\Model.php(330): CodeIgniter\Database\BaseBuilder->get()
#4 E:\Kuliah\Semester 3\Web 2\uas_1\baru\system\BaseModel.php(715): CodeIgniter\Model->doFirst()
#5 E:\Kuliah\Semester 3\Web 2\uas_1\baru\app\Controllers\MainUsers.php(31): CodeIgniter\BaseModel->first()
#6 E:\Kuliah\Semester 3\Web 2\uas_1\baru\system\CodeIgniter.php(933): App\Controllers\MainUsers->index()
#7 E:\Kuliah\Semester 3\Web 2\uas_1\baru\system\CodeIgniter.php(507): CodeIgniter\CodeIgniter->runController(Object(App\Controllers\MainUsers))
#8 E:\Kuliah\Semester 3\Web 2\uas_1\baru\system\CodeIgniter.php(354): CodeIgniter\CodeIgniter->handleRequest(NULL, Object(Config\Cache), false)
#9 E:\Kuliah\Semester 3\Web 2\uas_1\baru\system\Boot.php(363): CodeIgniter\CodeIgniter->run()
#10 E:\Kuliah\Semester 3\Web 2\uas_1\baru\system\Boot.php(68): CodeIgniter\Boot::runCodeIgniter(Object(CodeIgniter\CodeIgniter))
#11 E:\Kuliah\Semester 3\Web 2\uas_1\baru\public\index.php(59): CodeIgniter\Boot::bootWeb(Object(Config\Paths))
#12 E:\Kuliah\Semester 3\Web 2\uas_1\baru\system\rewrite.php(44): require_once('E:\\Kuliah\\Semes...')
#13 {main}
CRITICAL - 2025-12-22 19:42:30 --> CodeIgniter\Database\Exceptions\DatabaseException: Unable to connect to the database.
Main connection [MySQLi]: No connection could be made because the target machine actively refused it
[Method: GET, Route: /]
in SYSTEMPATH\Database\BaseConnection.php on line 465.
 1 SYSTEMPATH\Database\BaseConnection.php(614): CodeIgniter\Database\BaseConnection->initialize()
 2 SYSTEMPATH\Database\BaseBuilder.php(1649): CodeIgniter\Database\BaseConnection->query('SELECT *
FROM `cms_hero`
 LIMIT 1', [], false)
 3 SYSTEMPATH\Model.php(330): CodeIgniter\Database\BaseBuilder->get()
 4 SYSTEMPATH\BaseModel.php(715): CodeIgniter\Model->doFirst()
 5 APPPATH\Controllers\MainUsers.php(31): CodeIgniter\BaseModel->first()
 6 SYSTEMPATH\CodeIgniter.php(933): App\Controllers\MainUsers->index()
 7 SYSTEMPATH\CodeIgniter.php(507): CodeIgniter\CodeIgniter->runController(Object(App\Controllers\MainUsers))
 8 SYSTEMPATH\CodeIgniter.php(354): CodeIgniter\CodeIgniter->handleRequest(null, Object(Config\Cache), false)
 9 SYSTEMPATH\Boot.php(363): CodeIgniter\CodeIgniter->run()
10 SYSTEMPATH\Boot.php(68): CodeIgniter\Boot::runCodeIgniter(Object(CodeIgniter\CodeIgniter))
11 FCPATH\index.php(59): CodeIgniter\Boot::bootWeb(Object(Config\Paths))
12 SYSTEMPATH\rewrite.php(44): require_once('E:\\Kuliah\\Semester 3\\Web 2\\uas_1\\baru\\public\\index.php')
DEBUG - 2025-12-22 19:43:34 --> Session: Class initialized using 'CodeIgniter\Session\Handlers\FileHandler' driver.
DEBUG - 2025-12-22 19:44:23 --> Session: Class initialized using 'CodeIgniter\Session\Handlers\FileHandler' driver.
DEBUG - 2025-12-22 19:46:17 --> Session: Class initialized using 'CodeIgniter\Session\Handlers\FileHandler' driver.
DEBUG - 2025-12-22 19:46:30 --> Session: Class initialized using 'CodeIgniter\Session\Handlers\FileHandler' driver.
DEBUG - 2025-12-22 19:46:34 --> Session: Class initialized using 'CodeIgniter\Session\Handlers\FileHandler' driver.
DEBUG - 2025-12-22 19:46:37 --> Session: Class initialized using 'CodeIgniter\Session\Handlers\FileHandler' driver.
DEBUG - 2025-12-22 19:46:40 --> Session: Class initialized using 'CodeIgniter\Session\Handlers\FileHandler' driver.
DEBUG - 2025-12-22 19:46:43 --> Session: Class initialized using 'CodeIgniter\Session\Handlers\FileHandler' driver.
DEBUG - 2025-12-22 19:46:47 --> Session: Class initialized using 'CodeIgniter\Session\Handlers\FileHandler' driver.
DEBUG - 2025-12-22 19:47:04 --> Session: Class initialized using 'CodeIgniter\Session\Handlers\FileHandler' driver.
DEBUG - 2025-12-22 19:47:10 --> Session: Class initialized using 'CodeIgniter\Session\Handlers\FileHandler' driver.
DEBUG - 2025-12-22 19:47:10 --> Session: Class initialized using 'CodeIgniter\Session\Handlers\FileHandler' driver.
WARNING - 2025-12-22 19:47:10 --> [DEPRECATED] Creation of dynamic property App\Controllers\Admin::$divisionModel is deprecated in APPPATH\Controllers\Admin.php on line 27.
 1 SYSTEMPATH\CodeIgniter.php(903): App\Controllers\Admin->__construct()
 2 SYSTEMPATH\CodeIgniter.php(498): CodeIgniter\CodeIgniter->createController()
 3 SYSTEMPATH\CodeIgniter.php(354): CodeIgniter\CodeIgniter->handleRequest(null, Object(Config\Cache), false)
 4 SYSTEMPATH\Boot.php(363): CodeIgniter\CodeIgniter->run()
 5 SYSTEMPATH\Boot.php(68): CodeIgniter\Boot::runCodeIgniter(Object(CodeIgniter\CodeIgniter))
 6 FCPATH\index.php(59): CodeIgniter\Boot::bootWeb(Object(Config\Paths))
 7 SYSTEMPATH\rewrite.php(44): require_once('E:\\Kuliah\\Semester 3\\Web 2\\uas_1\\baru\\public\\index.php')
DEBUG - 2025-12-22 19:47:11 --> Session: Class initialized using 'CodeIgniter\Session\Handlers\FileHandler' driver.
WARNING - 2025-12-22 19:47:11 --> [DEPRECATED] Creation of dynamic property App\Controllers\Admin::$divisionModel is deprecated in APPPATH\Controllers\Admin.php on line 27.
 1 SYSTEMPATH\CodeIgniter.php(903): App\Controllers\Admin->__construct()
 2 SYSTEMPATH\CodeIgniter.php(498): CodeIgniter\CodeIgniter->createController()
 3 SYSTEMPATH\CodeIgniter.php(354): CodeIgniter\CodeIgniter->handleRequest(null, Object(Config\Cache), false)
 4 SYSTEMPATH\Boot.php(363): CodeIgniter\CodeIgniter->run()
 5 SYSTEMPATH\Boot.php(68): CodeIgniter\Boot::runCodeIgniter(Object(CodeIgniter\CodeIgniter))
 6 FCPATH\index.php(59): CodeIgniter\Boot::bootWeb(Object(Config\Paths))
 7 SYSTEMPATH\rewrite.php(44): require_once('E:\\Kuliah\\Semester 3\\Web 2\\uas_1\\baru\\public\\index.php')
DEBUG - 2025-12-22 19:47:19 --> Session: Class initialized using 'CodeIgniter\Session\Handlers\FileHandler' driver.
WARNING - 2025-12-22 19:47:19 --> [DEPRECATED] Creation of dynamic property App\Controllers\Admin::$divisionModel is deprecated in APPPATH\Controllers\Admin.php on line 27.
 1 SYSTEMPATH\CodeIgniter.php(903): App\Controllers\Admin->__construct()
 2 SYSTEMPATH\CodeIgniter.php(498): CodeIgniter\CodeIgniter->createController()
 3 SYSTEMPATH\CodeIgniter.php(354): CodeIgniter\CodeIgniter->handleRequest(null, Object(Config\Cache), false)
 4 SYSTEMPATH\Boot.php(363): CodeIgniter\CodeIgniter->run()
 5 SYSTEMPATH\Boot.php(68): CodeIgniter\Boot::runCodeIgniter(Object(CodeIgniter\CodeIgniter))
 6 FCPATH\index.php(59): CodeIgniter\Boot::bootWeb(Object(Config\Paths))
 7 SYSTEMPATH\rewrite.php(44): require_once('E:\\Kuliah\\Semester 3\\Web 2\\uas_1\\baru\\public\\index.php')
DEBUG - 2025-12-22 19:47:25 --> Session: Class initialized using 'CodeIgniter\Session\Handlers\FileHandler' driver.
WARNING - 2025-12-22 19:47:25 --> [DEPRECATED] Creation of dynamic property App\Controllers\Admin::$divisionModel is deprecated in APPPATH\Controllers\Admin.php on line 27.
 1 SYSTEMPATH\CodeIgniter.php(903): App\Controllers\Admin->__construct()
 2 SYSTEMPATH\CodeIgniter.php(498): CodeIgniter\CodeIgniter->createController()
 3 SYSTEMPATH\CodeIgniter.php(354): CodeIgniter\CodeIgniter->handleRequest(null, Object(Config\Cache), false)
 4 SYSTEMPATH\Boot.php(363): CodeIgniter\CodeIgniter->run()
 5 SYSTEMPATH\Boot.php(68): CodeIgniter\Boot::runCodeIgniter(Object(CodeIgniter\CodeIgniter))
 6 FCPATH\index.php(59): CodeIgniter\Boot::bootWeb(Object(Config\Paths))
 7 SYSTEMPATH\rewrite.php(44): require_once('E:\\Kuliah\\Semester 3\\Web 2\\uas_1\\baru\\public\\index.php')
DEBUG - 2025-12-22 19:47:31 --> Session: Class initialized using 'CodeIgniter\Session\Handlers\FileHandler' driver.
WARNING - 2025-12-22 19:47:31 --> [DEPRECATED] Creation of dynamic property App\Controllers\Admin::$divisionModel is deprecated in APPPATH\Controllers\Admin.php on line 27.
 1 SYSTEMPATH\CodeIgniter.php(903): App\Controllers\Admin->__construct()
 2 SYSTEMPATH\CodeIgniter.php(498): CodeIgniter\CodeIgniter->createController()
 3 SYSTEMPATH\CodeIgniter.php(354): CodeIgniter\CodeIgniter->handleRequest(null, Object(Config\Cache), false)
 4 SYSTEMPATH\Boot.php(363): CodeIgniter\CodeIgniter->run()
 5 SYSTEMPATH\Boot.php(68): CodeIgniter\Boot::runCodeIgniter(Object(CodeIgniter\CodeIgniter))
 6 FCPATH\index.php(59): CodeIgniter\Boot::bootWeb(Object(Config\Paths))
 7 SYSTEMPATH\rewrite.php(44): require_once('E:\\Kuliah\\Semester 3\\Web 2\\uas_1\\baru\\public\\index.php')
DEBUG - 2025-12-22 19:48:47 --> Session: Class initialized using 'CodeIgniter\Session\Handlers\FileHandler' driver.
WARNING - 2025-12-22 19:48:47 --> [DEPRECATED] Creation of dynamic property App\Controllers\Admin::$divisionModel is deprecated in APPPATH\Controllers\Admin.php on line 27.
 1 SYSTEMPATH\CodeIgniter.php(903): App\Controllers\Admin->__construct()
 2 SYSTEMPATH\CodeIgniter.php(498): CodeIgniter\CodeIgniter->createController()
 3 SYSTEMPATH\CodeIgniter.php(354): CodeIgniter\CodeIgniter->handleRequest(null, Object(Config\Cache), false)
 4 SYSTEMPATH\Boot.php(363): CodeIgniter\CodeIgniter->run()
 5 SYSTEMPATH\Boot.php(68): CodeIgniter\Boot::runCodeIgniter(Object(CodeIgniter\CodeIgniter))
 6 FCPATH\index.php(59): CodeIgniter\Boot::bootWeb(Object(Config\Paths))
 7 SYSTEMPATH\rewrite.php(44): require_once('E:\\Kuliah\\Semester 3\\Web 2\\uas_1\\baru\\public\\index.php')
